{"level":"info","message":"Listening on port 3000...."}
{"level":"info","message":"Listening on port 3000...."}
{"level":"info","message":"Listening on port 3000...."}
{"level":"info","message":"Listening on port 3000...."}
{"level":"info","message":"Listening on port 3000...."}
{"level":"info","message":"Listening on port 3000...."}
{"level":"info","message":"Connected to MongoDB..."}
{"level":"info","message":"Listening on port 3000...."}
{"level":"info","message":"Connected to MongoDB..."}
{"level":"info","message":"Listening on port 3000...."}
{"level":"info","message":"Connected to MongoDB..."}
{"level":"info","message":"Listening on port 3000...."}
{"level":"error","message":"Connected to MongoDB..."}
{"level":"info","message":"Listening on port 3000...."}
{"level":"info","message":"Connected to MongoDB..."}
error: uncaughtException: Cannot find module './startup/logging'
Require stack:
- C:\Users\netan\Vidly\server\index.js
Error: Cannot find module './startup/logging'
Require stack:
- C:\Users\netan\Vidly\server\index.js
    at Module._resolveFilename (node:internal/modules/cjs/loader:995:15)
    at Module._load (node:internal/modules/cjs/loader:841:27)
    at Module.require (node:internal/modules/cjs/loader:1061:19)
    at require (node:internal/modules/cjs/helpers:103:18)
    at Object.<anonymous> (C:\Users\netan\Vidly\server\index.js:5:1)
    at Module._compile (node:internal/modules/cjs/loader:1159:14)
    at Module._extensions..js (node:internal/modules/cjs/loader:1213:10)
    at Module.load (node:internal/modules/cjs/loader:1037:32)
    at Module._load (node:internal/modules/cjs/loader:878:12)
    at Function.executeUserEntryPoint [as runMain] (node:internal/modules/run_main:81:12) {"date":"Tue Jan 24 2023 23:53:44 GMT+0200 (Israel Standard Time)","error":{"code":"MODULE_NOT_FOUND","requireStack":["C:\\Users\\netan\\Vidly\\server\\index.js"]},"exception":true,"os":{"loadavg":[0,0,0],"uptime":374932},"process":{"argv":["C:\\Program Files\\nodejs\\node.exe","C:\\Users\\netan\\Vidly\\server\\index.js"],"cwd":"C:\\Users\\netan\\Vidly\\server","execPath":"C:\\Program Files\\nodejs\\node.exe","gid":null,"memoryUsage":{"arrayBuffers":18892353,"external":19801528,"heapTotal":32280576,"heapUsed":22329056,"rss":57180160},"pid":32724,"uid":null,"version":"v18.12.1"},"stack":"Error: Cannot find module './startup/logging'\nRequire stack:\n- C:\\Users\\netan\\Vidly\\server\\index.js\n    at Module._resolveFilename (node:internal/modules/cjs/loader:995:15)\n    at Module._load (node:internal/modules/cjs/loader:841:27)\n    at Module.require (node:internal/modules/cjs/loader:1061:19)\n    at require (node:internal/modules/cjs/helpers:103:18)\n    at Object.<anonymous> (C:\\Users\\netan\\Vidly\\server\\index.js:5:1)\n    at Module._compile (node:internal/modules/cjs/loader:1159:14)\n    at Module._extensions..js (node:internal/modules/cjs/loader:1213:10)\n    at Module.load (node:internal/modules/cjs/loader:1037:32)\n    at Module._load (node:internal/modules/cjs/loader:878:12)\n    at Function.executeUserEntryPoint [as runMain] (node:internal/modules/run_main:81:12)","trace":[{"column":15,"file":"node:internal/modules/cjs/loader","function":"Module._resolveFilename","line":995,"method":"_resolveFilename","native":false},{"column":27,"file":"node:internal/modules/cjs/loader","function":"Module._load","line":841,"method":"_load","native":false},{"column":19,"file":"node:internal/modules/cjs/loader","function":"Module.require","line":1061,"method":"require","native":false},{"column":18,"file":"node:internal/modules/cjs/helpers","function":"require","line":103,"method":null,"native":false},{"column":1,"file":"C:\\Users\\netan\\Vidly\\server\\index.js","function":null,"line":5,"method":null,"native":false},{"column":14,"file":"node:internal/modules/cjs/loader","function":"Module._compile","line":1159,"method":"_compile","native":false},{"column":10,"file":"node:internal/modules/cjs/loader","function":"Module._extensions..js","line":1213,"method":".js","native":false},{"column":32,"file":"node:internal/modules/cjs/loader","function":"Module.load","line":1037,"method":"load","native":false},{"column":12,"file":"node:internal/modules/cjs/loader","function":"Module._load","line":878,"method":"_load","native":false},{"column":12,"file":"node:internal/modules/run_main","function":"Function.executeUserEntryPoint [as runMain]","line":81,"method":"executeUserEntryPoint [as runMain]","native":false}]}
info: Listening on port 3000....
info: Connected to MongoDB...
info: Listening on port 3000....
info: Connected to MongoDB...
